2019-12-23 00:35:14 [::1][1][3otcn9m37mala5kmfiuluussh7][error][yii\web\HttpException:404] exception 'yii\base\InvalidRouteException' with message 'Unable to resolve the request "assets/8367f80a/plugins/jvectormap/jquery-jvectormap-1.2.2.min.js".' in C:\xampp\htdocs\pens\simpeg-akn-pacitan\vendor\yiisoft\yii2\base\Module.php:537
Stack trace:
#0 C:\xampp\htdocs\pens\simpeg-akn-pacitan\vendor\yiisoft\yii2\web\Application.php(103): yii\base\Module->runAction('assets/8367f80a...', Array)
#1 C:\xampp\htdocs\pens\simpeg-akn-pacitan\vendor\yiisoft\yii2\base\Application.php(386): yii\web\Application->handleRequest(Object(yii\web\Request))
#2 C:\xampp\htdocs\pens\simpeg-akn-pacitan\backend\web\index.php(17): yii\base\Application->run()
#3 {main}

Next exception 'yii\web\NotFoundHttpException' with message 'Page not found.' in C:\xampp\htdocs\pens\simpeg-akn-pacitan\vendor\yiisoft\yii2\web\Application.php:115
Stack trace:
#0 C:\xampp\htdocs\pens\simpeg-akn-pacitan\vendor\yiisoft\yii2\base\Application.php(386): yii\web\Application->handleRequest(Object(yii\web\Request))
#1 C:\xampp\htdocs\pens\simpeg-akn-pacitan\backend\web\index.php(17): yii\base\Application->run()
#2 {main}
2019-12-23 00:35:13 [::1][1][3otcn9m37mala5kmfiuluussh7][info][application] $_GET = []

$_POST = []

$_FILES = []

$_COOKIE = [
    '_csrf-frontend' => '38b127c6f8e26e0b57a6bc4c0edaae0e5321f53f341c93693a990bfe0b01ed24a:2:{i:0;s:14:\"_csrf-frontend\";i:1;s:32:\"QOyTMFEHkQi7UWp7kI2lwBXhQSHtlkdm\";}'
    'advanced-backend' => '3otcn9m37mala5kmfiuluussh7'
    '_csrf-backend' => '35b610c8712c75b233229de414847b927e55c2467e1f239ee15c63ad755573fea:2:{i:0;s:13:\"_csrf-backend\";i:1;s:32:\"kZ-NL2BaQ797zouozJ75MXH73mYaJkRy\";}'
]

$_SESSION = [
    '__flash' => []
    '__returnUrl' => 'http://localhost/pens/simpeg-akn-pacitan/backend/web/'
    '__id' => 1
]

$_SERVER = [
    'REDIRECT_MIBDIRS' => 'C:/xampp/php/extras/mibs'
    'REDIRECT_MYSQL_HOME' => '\\xampp\\mysql\\bin'
    'REDIRECT_OPENSSL_CONF' => 'C:/xampp/apache/bin/openssl.cnf'
    'REDIRECT_PHP_PEAR_SYSCONF_DIR' => '\\xampp\\php'
    'REDIRECT_PHPRC' => '\\xampp\\php'
    'REDIRECT_TMP' => '\\xampp\\tmp'
    'REDIRECT_STATUS' => '200'
    'MIBDIRS' => 'C:/xampp/php/extras/mibs'
    'MYSQL_HOME' => '\\xampp\\mysql\\bin'
    'OPENSSL_CONF' => 'C:/xampp/apache/bin/openssl.cnf'
    'PHP_PEAR_SYSCONF_DIR' => '\\xampp\\php'
    'PHPRC' => '\\xampp\\php'
    'TMP' => '\\xampp\\tmp'
    'HTTP_HOST' => 'localhost'
    'HTTP_CONNECTION' => 'keep-alive'
    'HTTP_USER_AGENT' => 'Mozilla/5.0 (Windows NT 10.0; Win64; x64) AppleWebKit/537.36 (KHTML, like Gecko) Chrome/79.0.3945.88 Safari/537.36'
    'HTTP_ACCEPT' => '*/*'
    'HTTP_SEC_FETCH_SITE' => 'same-origin'
    'HTTP_SEC_FETCH_MODE' => 'no-cors'
    'HTTP_REFERER' => 'http://localhost/pens/simpeg-akn-pacitan/backend/web/'
    'HTTP_ACCEPT_ENCODING' => 'gzip, deflate, br'
    'HTTP_ACCEPT_LANGUAGE' => 'id-ID,id;q=0.9,en-US;q=0.8,en;q=0.7'
    'HTTP_COOKIE' => '_csrf-frontend=38b127c6f8e26e0b57a6bc4c0edaae0e5321f53f341c93693a990bfe0b01ed24a%3A2%3A%7Bi%3A0%3Bs%3A14%3A%22_csrf-frontend%22%3Bi%3A1%3Bs%3A32%3A%22QOyTMFEHkQi7UWp7kI2lwBXhQSHtlkdm%22%3B%7D; advanced-backend=3otcn9m37mala5kmfiuluussh7; _csrf-backend=35b610c8712c75b233229de414847b927e55c2467e1f239ee15c63ad755573fea%3A2%3A%7Bi%3A0%3Bs%3A13%3A%22_csrf-backend%22%3Bi%3A1%3Bs%3A32%3A%22kZ-NL2BaQ797zouozJ75MXH73mYaJkRy%22%3B%7D'
    'PATH' => '\"C:\\ProgramData\\Oracle\\Java\\javapath;%JAVA_HOME%bin\";C:\\oraclexe\\app\\oracle\\product\\11.2.0\\server\\bin;C:\\app\\ASUS\\product\\18.0.0\\dbhomeXE\\bin;C:\\Program Files (x86)\\Common Files\\Intel\\Shared Files\\cpp\\bin\\Intel64;C:\\Windows\\system32;C:\\Windows;C:\\Windows\\System32\\Wbem;C:\\Windows\\System32\\WindowsPowerShell\\v1.0\\;C:\\xampp\\php;C:\\ProgramData\\ComposerSetup\\bin;C:\\Program Files\\Java\\jdk1.8.0_101\\bin;C:\\Program Files\\Git\\cmd;C:\\Users\\ASUS\\AppData\\Local\\Microsoft\\WindowsApps;C:\\Users\\ASUS\\AppData\\Local\\atom\\bin;C:\\Users\\ASUS\\AppData\\Roaming\\Composer\\vendor\\bin'
    'SystemRoot' => 'C:\\Windows'
    'COMSPEC' => 'C:\\Windows\\system32\\cmd.exe'
    'PATHEXT' => '.COM;.EXE;.BAT;.CMD;.VBS;.VBE;.JS;.JSE;.WSF;.WSH;.MSC'
    'WINDIR' => 'C:\\Windows'
    'SERVER_SIGNATURE' => '<address>Apache/2.4.17 (Win32) OpenSSL/1.0.2d PHP/5.6.19 Server at localhost Port 80</address>
'
    'SERVER_SOFTWARE' => 'Apache/2.4.17 (Win32) OpenSSL/1.0.2d PHP/5.6.19'
    'SERVER_NAME' => 'localhost'
    'SERVER_ADDR' => '::1'
    'SERVER_PORT' => '80'
    'REMOTE_ADDR' => '::1'
    'DOCUMENT_ROOT' => 'C:/xampp/htdocs'
    'REQUEST_SCHEME' => 'http'
    'CONTEXT_PREFIX' => ''
    'CONTEXT_DOCUMENT_ROOT' => 'C:/xampp/htdocs'
    'SERVER_ADMIN' => 'postmaster@localhost'
    'SCRIPT_FILENAME' => 'C:/xampp/htdocs/pens/simpeg-akn-pacitan/backend/web/index.php'
    'REMOTE_PORT' => '65123'
    'REDIRECT_URL' => 'http://localhost/pens/simpeg-akn-pacitan/backend/web/assets/8367f80a/plugins/jvectormap/jquery-jvectormap-1.2.2.min.js'
    'GATEWAY_INTERFACE' => 'CGI/1.1'
    'SERVER_PROTOCOL' => 'HTTP/1.1'
    'REQUEST_METHOD' => 'GET'
    'QUERY_STRING' => ''
    'REQUEST_URI' => '/pens/simpeg-akn-pacitan/backend/web/assets/8367f80a/plugins/jvectormap/jquery-jvectormap-1.2.2.min.js'
    'SCRIPT_NAME' => '/pens/simpeg-akn-pacitan/backend/web/index.php'
    'PHP_SELF' => '/pens/simpeg-akn-pacitan/backend/web/index.php'
    'REQUEST_TIME_FLOAT' => 1577057713.31
    'REQUEST_TIME' => 1577057713
]
2019-12-23 00:35:18 [::1][1][3otcn9m37mala5kmfiuluussh7][error][yii\web\HttpException:404] exception 'yii\base\InvalidRouteException' with message 'Unable to resolve the request "assets/8367f80a/plugins/jvectormap/jquery-jvectormap-world-mill-en.js".' in C:\xampp\htdocs\pens\simpeg-akn-pacitan\vendor\yiisoft\yii2\base\Module.php:537
Stack trace:
#0 C:\xampp\htdocs\pens\simpeg-akn-pacitan\vendor\yiisoft\yii2\web\Application.php(103): yii\base\Module->runAction('assets/8367f80a...', Array)
#1 C:\xampp\htdocs\pens\simpeg-akn-pacitan\vendor\yiisoft\yii2\base\Application.php(386): yii\web\Application->handleRequest(Object(yii\web\Request))
#2 C:\xampp\htdocs\pens\simpeg-akn-pacitan\backend\web\index.php(17): yii\base\Application->run()
#3 {main}

Next exception 'yii\web\NotFoundHttpException' with message 'Page not found.' in C:\xampp\htdocs\pens\simpeg-akn-pacitan\vendor\yiisoft\yii2\web\Application.php:115
Stack trace:
#0 C:\xampp\htdocs\pens\simpeg-akn-pacitan\vendor\yiisoft\yii2\base\Application.php(386): yii\web\Application->handleRequest(Object(yii\web\Request))
#1 C:\xampp\htdocs\pens\simpeg-akn-pacitan\backend\web\index.php(17): yii\base\Application->run()
#2 {main}
2019-12-23 00:35:13 [::1][1][3otcn9m37mala5kmfiuluussh7][info][application] $_GET = []

$_POST = []

$_FILES = []

$_COOKIE = [
    '_csrf-frontend' => '38b127c6f8e26e0b57a6bc4c0edaae0e5321f53f341c93693a990bfe0b01ed24a:2:{i:0;s:14:\"_csrf-frontend\";i:1;s:32:\"QOyTMFEHkQi7UWp7kI2lwBXhQSHtlkdm\";}'
    'advanced-backend' => '3otcn9m37mala5kmfiuluussh7'
    '_csrf-backend' => '35b610c8712c75b233229de414847b927e55c2467e1f239ee15c63ad755573fea:2:{i:0;s:13:\"_csrf-backend\";i:1;s:32:\"kZ-NL2BaQ797zouozJ75MXH73mYaJkRy\";}'
]

$_SESSION = [
    '__flash' => []
    '__returnUrl' => 'http://localhost/pens/simpeg-akn-pacitan/backend/web/'
    '__id' => 1
]

$_SERVER = [
    'REDIRECT_MIBDIRS' => 'C:/xampp/php/extras/mibs'
    'REDIRECT_MYSQL_HOME' => '\\xampp\\mysql\\bin'
    'REDIRECT_OPENSSL_CONF' => 'C:/xampp/apache/bin/openssl.cnf'
    'REDIRECT_PHP_PEAR_SYSCONF_DIR' => '\\xampp\\php'
    'REDIRECT_PHPRC' => '\\xampp\\php'
    'REDIRECT_TMP' => '\\xampp\\tmp'
    'REDIRECT_STATUS' => '200'
    'MIBDIRS' => 'C:/xampp/php/extras/mibs'
    'MYSQL_HOME' => '\\xampp\\mysql\\bin'
    'OPENSSL_CONF' => 'C:/xampp/apache/bin/openssl.cnf'
    'PHP_PEAR_SYSCONF_DIR' => '\\xampp\\php'
    'PHPRC' => '\\xampp\\php'
    'TMP' => '\\xampp\\tmp'
    'HTTP_HOST' => 'localhost'
    'HTTP_CONNECTION' => 'keep-alive'
    'HTTP_USER_AGENT' => 'Mozilla/5.0 (Windows NT 10.0; Win64; x64) AppleWebKit/537.36 (KHTML, like Gecko) Chrome/79.0.3945.88 Safari/537.36'
    'HTTP_ACCEPT' => '*/*'
    'HTTP_SEC_FETCH_SITE' => 'same-origin'
    'HTTP_SEC_FETCH_MODE' => 'no-cors'
    'HTTP_REFERER' => 'http://localhost/pens/simpeg-akn-pacitan/backend/web/'
    'HTTP_ACCEPT_ENCODING' => 'gzip, deflate, br'
    'HTTP_ACCEPT_LANGUAGE' => 'id-ID,id;q=0.9,en-US;q=0.8,en;q=0.7'
    'HTTP_COOKIE' => '_csrf-frontend=38b127c6f8e26e0b57a6bc4c0edaae0e5321f53f341c93693a990bfe0b01ed24a%3A2%3A%7Bi%3A0%3Bs%3A14%3A%22_csrf-frontend%22%3Bi%3A1%3Bs%3A32%3A%22QOyTMFEHkQi7UWp7kI2lwBXhQSHtlkdm%22%3B%7D; advanced-backend=3otcn9m37mala5kmfiuluussh7; _csrf-backend=35b610c8712c75b233229de414847b927e55c2467e1f239ee15c63ad755573fea%3A2%3A%7Bi%3A0%3Bs%3A13%3A%22_csrf-backend%22%3Bi%3A1%3Bs%3A32%3A%22kZ-NL2BaQ797zouozJ75MXH73mYaJkRy%22%3B%7D'
    'PATH' => '\"C:\\ProgramData\\Oracle\\Java\\javapath;%JAVA_HOME%bin\";C:\\oraclexe\\app\\oracle\\product\\11.2.0\\server\\bin;C:\\app\\ASUS\\product\\18.0.0\\dbhomeXE\\bin;C:\\Program Files (x86)\\Common Files\\Intel\\Shared Files\\cpp\\bin\\Intel64;C:\\Windows\\system32;C:\\Windows;C:\\Windows\\System32\\Wbem;C:\\Windows\\System32\\WindowsPowerShell\\v1.0\\;C:\\xampp\\php;C:\\ProgramData\\ComposerSetup\\bin;C:\\Program Files\\Java\\jdk1.8.0_101\\bin;C:\\Program Files\\Git\\cmd;C:\\Users\\ASUS\\AppData\\Local\\Microsoft\\WindowsApps;C:\\Users\\ASUS\\AppData\\Local\\atom\\bin;C:\\Users\\ASUS\\AppData\\Roaming\\Composer\\vendor\\bin'
    'SystemRoot' => 'C:\\Windows'
    'COMSPEC' => 'C:\\Windows\\system32\\cmd.exe'
    'PATHEXT' => '.COM;.EXE;.BAT;.CMD;.VBS;.VBE;.JS;.JSE;.WSF;.WSH;.MSC'
    'WINDIR' => 'C:\\Windows'
    'SERVER_SIGNATURE' => '<address>Apache/2.4.17 (Win32) OpenSSL/1.0.2d PHP/5.6.19 Server at localhost Port 80</address>
'
    'SERVER_SOFTWARE' => 'Apache/2.4.17 (Win32) OpenSSL/1.0.2d PHP/5.6.19'
    'SERVER_NAME' => 'localhost'
    'SERVER_ADDR' => '::1'
    'SERVER_PORT' => '80'
    'REMOTE_ADDR' => '::1'
    'DOCUMENT_ROOT' => 'C:/xampp/htdocs'
    'REQUEST_SCHEME' => 'http'
    'CONTEXT_PREFIX' => ''
    'CONTEXT_DOCUMENT_ROOT' => 'C:/xampp/htdocs'
    'SERVER_ADMIN' => 'postmaster@localhost'
    'SCRIPT_FILENAME' => 'C:/xampp/htdocs/pens/simpeg-akn-pacitan/backend/web/index.php'
    'REMOTE_PORT' => '65124'
    'REDIRECT_URL' => 'http://localhost/pens/simpeg-akn-pacitan/backend/web/assets/8367f80a/plugins/jvectormap/jquery-jvectormap-world-mill-en.js'
    'GATEWAY_INTERFACE' => 'CGI/1.1'
    'SERVER_PROTOCOL' => 'HTTP/1.1'
    'REQUEST_METHOD' => 'GET'
    'QUERY_STRING' => ''
    'REQUEST_URI' => '/pens/simpeg-akn-pacitan/backend/web/assets/8367f80a/plugins/jvectormap/jquery-jvectormap-world-mill-en.js'
    'SCRIPT_NAME' => '/pens/simpeg-akn-pacitan/backend/web/index.php'
    'PHP_SELF' => '/pens/simpeg-akn-pacitan/backend/web/index.php'
    'REQUEST_TIME_FLOAT' => 1577057713.355
    'REQUEST_TIME' => 1577057713
]
2019-12-23 00:35:18 [::1][1][3otcn9m37mala5kmfiuluussh7][error][yii\web\HttpException:404] exception 'yii\base\InvalidRouteException' with message 'Unable to resolve the request "assets/8367f80a/plugins/sparkline/jquery.sparkline.min.js".' in C:\xampp\htdocs\pens\simpeg-akn-pacitan\vendor\yiisoft\yii2\base\Module.php:537
Stack trace:
#0 C:\xampp\htdocs\pens\simpeg-akn-pacitan\vendor\yiisoft\yii2\web\Application.php(103): yii\base\Module->runAction('assets/8367f80a...', Array)
#1 C:\xampp\htdocs\pens\simpeg-akn-pacitan\vendor\yiisoft\yii2\base\Application.php(386): yii\web\Application->handleRequest(Object(yii\web\Request))
#2 C:\xampp\htdocs\pens\simpeg-akn-pacitan\backend\web\index.php(17): yii\base\Application->run()
#3 {main}

Next exception 'yii\web\NotFoundHttpException' with message 'Page not found.' in C:\xampp\htdocs\pens\simpeg-akn-pacitan\vendor\yiisoft\yii2\web\Application.php:115
Stack trace:
#0 C:\xampp\htdocs\pens\simpeg-akn-pacitan\vendor\yiisoft\yii2\base\Application.php(386): yii\web\Application->handleRequest(Object(yii\web\Request))
#1 C:\xampp\htdocs\pens\simpeg-akn-pacitan\backend\web\index.php(17): yii\base\Application->run()
#2 {main}
2019-12-23 00:35:13 [::1][1][3otcn9m37mala5kmfiuluussh7][info][application] $_GET = []

$_POST = []

$_FILES = []

$_COOKIE = [
    '_csrf-frontend' => '38b127c6f8e26e0b57a6bc4c0edaae0e5321f53f341c93693a990bfe0b01ed24a:2:{i:0;s:14:\"_csrf-frontend\";i:1;s:32:\"QOyTMFEHkQi7UWp7kI2lwBXhQSHtlkdm\";}'
    'advanced-backend' => '3otcn9m37mala5kmfiuluussh7'
    '_csrf-backend' => '35b610c8712c75b233229de414847b927e55c2467e1f239ee15c63ad755573fea:2:{i:0;s:13:\"_csrf-backend\";i:1;s:32:\"kZ-NL2BaQ797zouozJ75MXH73mYaJkRy\";}'
]

$_SESSION = [
    '__flash' => []
    '__returnUrl' => 'http://localhost/pens/simpeg-akn-pacitan/backend/web/'
    '__id' => 1
]

$_SERVER = [
    'REDIRECT_MIBDIRS' => 'C:/xampp/php/extras/mibs'
    'REDIRECT_MYSQL_HOME' => '\\xampp\\mysql\\bin'
    'REDIRECT_OPENSSL_CONF' => 'C:/xampp/apache/bin/openssl.cnf'
    'REDIRECT_PHP_PEAR_SYSCONF_DIR' => '\\xampp\\php'
    'REDIRECT_PHPRC' => '\\xampp\\php'
    'REDIRECT_TMP' => '\\xampp\\tmp'
    'REDIRECT_STATUS' => '200'
    'MIBDIRS' => 'C:/xampp/php/extras/mibs'
    'MYSQL_HOME' => '\\xampp\\mysql\\bin'
    'OPENSSL_CONF' => 'C:/xampp/apache/bin/openssl.cnf'
    'PHP_PEAR_SYSCONF_DIR' => '\\xampp\\php'
    'PHPRC' => '\\xampp\\php'
    'TMP' => '\\xampp\\tmp'
    'HTTP_HOST' => 'localhost'
    'HTTP_CONNECTION' => 'keep-alive'
    'HTTP_USER_AGENT' => 'Mozilla/5.0 (Windows NT 10.0; Win64; x64) AppleWebKit/537.36 (KHTML, like Gecko) Chrome/79.0.3945.88 Safari/537.36'
    'HTTP_ACCEPT' => '*/*'
    'HTTP_SEC_FETCH_SITE' => 'same-origin'
    'HTTP_SEC_FETCH_MODE' => 'no-cors'
    'HTTP_REFERER' => 'http://localhost/pens/simpeg-akn-pacitan/backend/web/'
    'HTTP_ACCEPT_ENCODING' => 'gzip, deflate, br'
    'HTTP_ACCEPT_LANGUAGE' => 'id-ID,id;q=0.9,en-US;q=0.8,en;q=0.7'
    'HTTP_COOKIE' => '_csrf-frontend=38b127c6f8e26e0b57a6bc4c0edaae0e5321f53f341c93693a990bfe0b01ed24a%3A2%3A%7Bi%3A0%3Bs%3A14%3A%22_csrf-frontend%22%3Bi%3A1%3Bs%3A32%3A%22QOyTMFEHkQi7UWp7kI2lwBXhQSHtlkdm%22%3B%7D; advanced-backend=3otcn9m37mala5kmfiuluussh7; _csrf-backend=35b610c8712c75b233229de414847b927e55c2467e1f239ee15c63ad755573fea%3A2%3A%7Bi%3A0%3Bs%3A13%3A%22_csrf-backend%22%3Bi%3A1%3Bs%3A32%3A%22kZ-NL2BaQ797zouozJ75MXH73mYaJkRy%22%3B%7D'
    'PATH' => '\"C:\\ProgramData\\Oracle\\Java\\javapath;%JAVA_HOME%bin\";C:\\oraclexe\\app\\oracle\\product\\11.2.0\\server\\bin;C:\\app\\ASUS\\product\\18.0.0\\dbhomeXE\\bin;C:\\Program Files (x86)\\Common Files\\Intel\\Shared Files\\cpp\\bin\\Intel64;C:\\Windows\\system32;C:\\Windows;C:\\Windows\\System32\\Wbem;C:\\Windows\\System32\\WindowsPowerShell\\v1.0\\;C:\\xampp\\php;C:\\ProgramData\\ComposerSetup\\bin;C:\\Program Files\\Java\\jdk1.8.0_101\\bin;C:\\Program Files\\Git\\cmd;C:\\Users\\ASUS\\AppData\\Local\\Microsoft\\WindowsApps;C:\\Users\\ASUS\\AppData\\Local\\atom\\bin;C:\\Users\\ASUS\\AppData\\Roaming\\Composer\\vendor\\bin'
    'SystemRoot' => 'C:\\Windows'
    'COMSPEC' => 'C:\\Windows\\system32\\cmd.exe'
    'PATHEXT' => '.COM;.EXE;.BAT;.CMD;.VBS;.VBE;.JS;.JSE;.WSF;.WSH;.MSC'
    'WINDIR' => 'C:\\Windows'
    'SERVER_SIGNATURE' => '<address>Apache/2.4.17 (Win32) OpenSSL/1.0.2d PHP/5.6.19 Server at localhost Port 80</address>
'
    'SERVER_SOFTWARE' => 'Apache/2.4.17 (Win32) OpenSSL/1.0.2d PHP/5.6.19'
    'SERVER_NAME' => 'localhost'
    'SERVER_ADDR' => '::1'
    'SERVER_PORT' => '80'
    'REMOTE_ADDR' => '::1'
    'DOCUMENT_ROOT' => 'C:/xampp/htdocs'
    'REQUEST_SCHEME' => 'http'
    'CONTEXT_PREFIX' => ''
    'CONTEXT_DOCUMENT_ROOT' => 'C:/xampp/htdocs'
    'SERVER_ADMIN' => 'postmaster@localhost'
    'SCRIPT_FILENAME' => 'C:/xampp/htdocs/pens/simpeg-akn-pacitan/backend/web/index.php'
    'REMOTE_PORT' => '65122'
    'REDIRECT_URL' => 'http://localhost/pens/simpeg-akn-pacitan/backend/web/assets/8367f80a/plugins/sparkline/jquery.sparkline.min.js'
    'GATEWAY_INTERFACE' => 'CGI/1.1'
    'SERVER_PROTOCOL' => 'HTTP/1.1'
    'REQUEST_METHOD' => 'GET'
    'QUERY_STRING' => ''
    'REQUEST_URI' => '/pens/simpeg-akn-pacitan/backend/web/assets/8367f80a/plugins/sparkline/jquery.sparkline.min.js'
    'SCRIPT_NAME' => '/pens/simpeg-akn-pacitan/backend/web/index.php'
    'PHP_SELF' => '/pens/simpeg-akn-pacitan/backend/web/index.php'
    'REQUEST_TIME_FLOAT' => 1577057713.31
    'REQUEST_TIME' => 1577057713
]
2019-12-23 00:35:18 [::1][1][3otcn9m37mala5kmfiuluussh7][error][yii\web\HttpException:404] exception 'yii\base\InvalidRouteException' with message 'Unable to resolve the request "assets/8367f80a/plugins/slimScroll/jquery.slimscroll.min.js".' in C:\xampp\htdocs\pens\simpeg-akn-pacitan\vendor\yiisoft\yii2\base\Module.php:537
Stack trace:
#0 C:\xampp\htdocs\pens\simpeg-akn-pacitan\vendor\yiisoft\yii2\web\Application.php(103): yii\base\Module->runAction('assets/8367f80a...', Array)
#1 C:\xampp\htdocs\pens\simpeg-akn-pacitan\vendor\yiisoft\yii2\base\Application.php(386): yii\web\Application->handleRequest(Object(yii\web\Request))
#2 C:\xampp\htdocs\pens\simpeg-akn-pacitan\backend\web\index.php(17): yii\base\Application->run()
#3 {main}

Next exception 'yii\web\NotFoundHttpException' with message 'Page not found.' in C:\xampp\htdocs\pens\simpeg-akn-pacitan\vendor\yiisoft\yii2\web\Application.php:115
Stack trace:
#0 C:\xampp\htdocs\pens\simpeg-akn-pacitan\vendor\yiisoft\yii2\base\Application.php(386): yii\web\Application->handleRequest(Object(yii\web\Request))
#1 C:\xampp\htdocs\pens\simpeg-akn-pacitan\backend\web\index.php(17): yii\base\Application->run()
#2 {main}
2019-12-23 00:35:13 [::1][1][3otcn9m37mala5kmfiuluussh7][info][application] $_GET = []

$_POST = []

$_FILES = []

$_COOKIE = [
    '_csrf-frontend' => '38b127c6f8e26e0b57a6bc4c0edaae0e5321f53f341c93693a990bfe0b01ed24a:2:{i:0;s:14:\"_csrf-frontend\";i:1;s:32:\"QOyTMFEHkQi7UWp7kI2lwBXhQSHtlkdm\";}'
    'advanced-backend' => '3otcn9m37mala5kmfiuluussh7'
    '_csrf-backend' => '35b610c8712c75b233229de414847b927e55c2467e1f239ee15c63ad755573fea:2:{i:0;s:13:\"_csrf-backend\";i:1;s:32:\"kZ-NL2BaQ797zouozJ75MXH73mYaJkRy\";}'
]

$_SESSION = [
    '__flash' => []
    '__returnUrl' => 'http://localhost/pens/simpeg-akn-pacitan/backend/web/'
    '__id' => 1
]

$_SERVER = [
    'REDIRECT_MIBDIRS' => 'C:/xampp/php/extras/mibs'
    'REDIRECT_MYSQL_HOME' => '\\xampp\\mysql\\bin'
    'REDIRECT_OPENSSL_CONF' => 'C:/xampp/apache/bin/openssl.cnf'
    'REDIRECT_PHP_PEAR_SYSCONF_DIR' => '\\xampp\\php'
    'REDIRECT_PHPRC' => '\\xampp\\php'
    'REDIRECT_TMP' => '\\xampp\\tmp'
    'REDIRECT_STATUS' => '200'
    'MIBDIRS' => 'C:/xampp/php/extras/mibs'
    'MYSQL_HOME' => '\\xampp\\mysql\\bin'
    'OPENSSL_CONF' => 'C:/xampp/apache/bin/openssl.cnf'
    'PHP_PEAR_SYSCONF_DIR' => '\\xampp\\php'
    'PHPRC' => '\\xampp\\php'
    'TMP' => '\\xampp\\tmp'
    'HTTP_HOST' => 'localhost'
    'HTTP_CONNECTION' => 'keep-alive'
    'HTTP_USER_AGENT' => 'Mozilla/5.0 (Windows NT 10.0; Win64; x64) AppleWebKit/537.36 (KHTML, like Gecko) Chrome/79.0.3945.88 Safari/537.36'
    'HTTP_ACCEPT' => '*/*'
    'HTTP_SEC_FETCH_SITE' => 'same-origin'
    'HTTP_SEC_FETCH_MODE' => 'no-cors'
    'HTTP_REFERER' => 'http://localhost/pens/simpeg-akn-pacitan/backend/web/'
    'HTTP_ACCEPT_ENCODING' => 'gzip, deflate, br'
    'HTTP_ACCEPT_LANGUAGE' => 'id-ID,id;q=0.9,en-US;q=0.8,en;q=0.7'
    'HTTP_COOKIE' => '_csrf-frontend=38b127c6f8e26e0b57a6bc4c0edaae0e5321f53f341c93693a990bfe0b01ed24a%3A2%3A%7Bi%3A0%3Bs%3A14%3A%22_csrf-frontend%22%3Bi%3A1%3Bs%3A32%3A%22QOyTMFEHkQi7UWp7kI2lwBXhQSHtlkdm%22%3B%7D; advanced-backend=3otcn9m37mala5kmfiuluussh7; _csrf-backend=35b610c8712c75b233229de414847b927e55c2467e1f239ee15c63ad755573fea%3A2%3A%7Bi%3A0%3Bs%3A13%3A%22_csrf-backend%22%3Bi%3A1%3Bs%3A32%3A%22kZ-NL2BaQ797zouozJ75MXH73mYaJkRy%22%3B%7D'
    'PATH' => '\"C:\\ProgramData\\Oracle\\Java\\javapath;%JAVA_HOME%bin\";C:\\oraclexe\\app\\oracle\\product\\11.2.0\\server\\bin;C:\\app\\ASUS\\product\\18.0.0\\dbhomeXE\\bin;C:\\Program Files (x86)\\Common Files\\Intel\\Shared Files\\cpp\\bin\\Intel64;C:\\Windows\\system32;C:\\Windows;C:\\Windows\\System32\\Wbem;C:\\Windows\\System32\\WindowsPowerShell\\v1.0\\;C:\\xampp\\php;C:\\ProgramData\\ComposerSetup\\bin;C:\\Program Files\\Java\\jdk1.8.0_101\\bin;C:\\Program Files\\Git\\cmd;C:\\Users\\ASUS\\AppData\\Local\\Microsoft\\WindowsApps;C:\\Users\\ASUS\\AppData\\Local\\atom\\bin;C:\\Users\\ASUS\\AppData\\Roaming\\Composer\\vendor\\bin'
    'SystemRoot' => 'C:\\Windows'
    'COMSPEC' => 'C:\\Windows\\system32\\cmd.exe'
    'PATHEXT' => '.COM;.EXE;.BAT;.CMD;.VBS;.VBE;.JS;.JSE;.WSF;.WSH;.MSC'
    'WINDIR' => 'C:\\Windows'
    'SERVER_SIGNATURE' => '<address>Apache/2.4.17 (Win32) OpenSSL/1.0.2d PHP/5.6.19 Server at localhost Port 80</address>
'
    'SERVER_SOFTWARE' => 'Apache/2.4.17 (Win32) OpenSSL/1.0.2d PHP/5.6.19'
    'SERVER_NAME' => 'localhost'
    'SERVER_ADDR' => '::1'
    'SERVER_PORT' => '80'
    'REMOTE_ADDR' => '::1'
    'DOCUMENT_ROOT' => 'C:/xampp/htdocs'
    'REQUEST_SCHEME' => 'http'
    'CONTEXT_PREFIX' => ''
    'CONTEXT_DOCUMENT_ROOT' => 'C:/xampp/htdocs'
    'SERVER_ADMIN' => 'postmaster@localhost'
    'SCRIPT_FILENAME' => 'C:/xampp/htdocs/pens/simpeg-akn-pacitan/backend/web/index.php'
    'REMOTE_PORT' => '65117'
    'REDIRECT_URL' => 'http://localhost/pens/simpeg-akn-pacitan/backend/web/assets/8367f80a/plugins/slimScroll/jquery.slimscroll.min.js'
    'GATEWAY_INTERFACE' => 'CGI/1.1'
    'SERVER_PROTOCOL' => 'HTTP/1.1'
    'REQUEST_METHOD' => 'GET'
    'QUERY_STRING' => ''
    'REQUEST_URI' => '/pens/simpeg-akn-pacitan/backend/web/assets/8367f80a/plugins/slimScroll/jquery.slimscroll.min.js'
    'SCRIPT_NAME' => '/pens/simpeg-akn-pacitan/backend/web/index.php'
    'PHP_SELF' => '/pens/simpeg-akn-pacitan/backend/web/index.php'
    'REQUEST_TIME_FLOAT' => 1577057713.471
    'REQUEST_TIME' => 1577057713
]
2019-12-23 00:35:19 [::1][1][3otcn9m37mala5kmfiuluussh7][error][yii\web\HttpException:404] exception 'yii\base\InvalidRouteException' with message 'Unable to resolve the request "assets/8367f80a/plugins/jvectormap/jquery-jvectormap-1.2.2.min.js".' in C:\xampp\htdocs\pens\simpeg-akn-pacitan\vendor\yiisoft\yii2\base\Module.php:537
Stack trace:
#0 C:\xampp\htdocs\pens\simpeg-akn-pacitan\vendor\yiisoft\yii2\web\Application.php(103): yii\base\Module->runAction('assets/8367f80a...', Array)
#1 C:\xampp\htdocs\pens\simpeg-akn-pacitan\vendor\yiisoft\yii2\base\Application.php(386): yii\web\Application->handleRequest(Object(yii\web\Request))
#2 C:\xampp\htdocs\pens\simpeg-akn-pacitan\backend\web\index.php(17): yii\base\Application->run()
#3 {main}

Next exception 'yii\web\NotFoundHttpException' with message 'Page not found.' in C:\xampp\htdocs\pens\simpeg-akn-pacitan\vendor\yiisoft\yii2\web\Application.php:115
Stack trace:
#0 C:\xampp\htdocs\pens\simpeg-akn-pacitan\vendor\yiisoft\yii2\base\Application.php(386): yii\web\Application->handleRequest(Object(yii\web\Request))
#1 C:\xampp\htdocs\pens\simpeg-akn-pacitan\backend\web\index.php(17): yii\base\Application->run()
#2 {main}
2019-12-23 00:35:18 [::1][1][3otcn9m37mala5kmfiuluussh7][info][application] $_GET = []

$_POST = []

$_FILES = []

$_COOKIE = [
    '_csrf-frontend' => '38b127c6f8e26e0b57a6bc4c0edaae0e5321f53f341c93693a990bfe0b01ed24a:2:{i:0;s:14:\"_csrf-frontend\";i:1;s:32:\"QOyTMFEHkQi7UWp7kI2lwBXhQSHtlkdm\";}'
    'advanced-backend' => '3otcn9m37mala5kmfiuluussh7'
    '_csrf-backend' => '35b610c8712c75b233229de414847b927e55c2467e1f239ee15c63ad755573fea:2:{i:0;s:13:\"_csrf-backend\";i:1;s:32:\"kZ-NL2BaQ797zouozJ75MXH73mYaJkRy\";}'
]

$_SESSION = [
    '__flash' => []
    '__returnUrl' => 'http://localhost/pens/simpeg-akn-pacitan/backend/web/'
    '__id' => 1
]

$_SERVER = [
    'REDIRECT_MIBDIRS' => 'C:/xampp/php/extras/mibs'
    'REDIRECT_MYSQL_HOME' => '\\xampp\\mysql\\bin'
    'REDIRECT_OPENSSL_CONF' => 'C:/xampp/apache/bin/openssl.cnf'
    'REDIRECT_PHP_PEAR_SYSCONF_DIR' => '\\xampp\\php'
    'REDIRECT_PHPRC' => '\\xampp\\php'
    'REDIRECT_TMP' => '\\xampp\\tmp'
    'REDIRECT_STATUS' => '200'
    'MIBDIRS' => 'C:/xampp/php/extras/mibs'
    'MYSQL_HOME' => '\\xampp\\mysql\\bin'
    'OPENSSL_CONF' => 'C:/xampp/apache/bin/openssl.cnf'
    'PHP_PEAR_SYSCONF_DIR' => '\\xampp\\php'
    'PHPRC' => '\\xampp\\php'
    'TMP' => '\\xampp\\tmp'
    'HTTP_HOST' => 'localhost'
    'HTTP_CONNECTION' => 'keep-alive'
    'HTTP_USER_AGENT' => 'Mozilla/5.0 (Windows NT 10.0; Win64; x64) AppleWebKit/537.36 (KHTML, like Gecko) Chrome/79.0.3945.88 Safari/537.36'
    'HTTP_ACCEPT' => '*/*'
    'HTTP_SEC_FETCH_SITE' => 'same-origin'
    'HTTP_SEC_FETCH_MODE' => 'no-cors'
    'HTTP_REFERER' => 'http://localhost/pens/simpeg-akn-pacitan/backend/web/'
    'HTTP_ACCEPT_ENCODING' => 'gzip, deflate, br'
    'HTTP_ACCEPT_LANGUAGE' => 'id-ID,id;q=0.9,en-US;q=0.8,en;q=0.7'
    'HTTP_COOKIE' => '_csrf-frontend=38b127c6f8e26e0b57a6bc4c0edaae0e5321f53f341c93693a990bfe0b01ed24a%3A2%3A%7Bi%3A0%3Bs%3A14%3A%22_csrf-frontend%22%3Bi%3A1%3Bs%3A32%3A%22QOyTMFEHkQi7UWp7kI2lwBXhQSHtlkdm%22%3B%7D; advanced-backend=3otcn9m37mala5kmfiuluussh7; _csrf-backend=35b610c8712c75b233229de414847b927e55c2467e1f239ee15c63ad755573fea%3A2%3A%7Bi%3A0%3Bs%3A13%3A%22_csrf-backend%22%3Bi%3A1%3Bs%3A32%3A%22kZ-NL2BaQ797zouozJ75MXH73mYaJkRy%22%3B%7D'
    'PATH' => '\"C:\\ProgramData\\Oracle\\Java\\javapath;%JAVA_HOME%bin\";C:\\oraclexe\\app\\oracle\\product\\11.2.0\\server\\bin;C:\\app\\ASUS\\product\\18.0.0\\dbhomeXE\\bin;C:\\Program Files (x86)\\Common Files\\Intel\\Shared Files\\cpp\\bin\\Intel64;C:\\Windows\\system32;C:\\Windows;C:\\Windows\\System32\\Wbem;C:\\Windows\\System32\\WindowsPowerShell\\v1.0\\;C:\\xampp\\php;C:\\ProgramData\\ComposerSetup\\bin;C:\\Program Files\\Java\\jdk1.8.0_101\\bin;C:\\Program Files\\Git\\cmd;C:\\Users\\ASUS\\AppData\\Local\\Microsoft\\WindowsApps;C:\\Users\\ASUS\\AppData\\Local\\atom\\bin;C:\\Users\\ASUS\\AppData\\Roaming\\Composer\\vendor\\bin'
    'SystemRoot' => 'C:\\Windows'
    'COMSPEC' => 'C:\\Windows\\system32\\cmd.exe'
    'PATHEXT' => '.COM;.EXE;.BAT;.CMD;.VBS;.VBE;.JS;.JSE;.WSF;.WSH;.MSC'
    'WINDIR' => 'C:\\Windows'
    'SERVER_SIGNATURE' => '<address>Apache/2.4.17 (Win32) OpenSSL/1.0.2d PHP/5.6.19 Server at localhost Port 80</address>
'
    'SERVER_SOFTWARE' => 'Apache/2.4.17 (Win32) OpenSSL/1.0.2d PHP/5.6.19'
    'SERVER_NAME' => 'localhost'
    'SERVER_ADDR' => '::1'
    'SERVER_PORT' => '80'
    'REMOTE_ADDR' => '::1'
    'DOCUMENT_ROOT' => 'C:/xampp/htdocs'
    'REQUEST_SCHEME' => 'http'
    'CONTEXT_PREFIX' => ''
    'CONTEXT_DOCUMENT_ROOT' => 'C:/xampp/htdocs'
    'SERVER_ADMIN' => 'postmaster@localhost'
    'SCRIPT_FILENAME' => 'C:/xampp/htdocs/pens/simpeg-akn-pacitan/backend/web/index.php'
    'REMOTE_PORT' => '65131'
    'REDIRECT_URL' => 'http://localhost/pens/simpeg-akn-pacitan/backend/web/assets/8367f80a/plugins/jvectormap/jquery-jvectormap-1.2.2.min.js'
    'GATEWAY_INTERFACE' => 'CGI/1.1'
    'SERVER_PROTOCOL' => 'HTTP/1.1'
    'REQUEST_METHOD' => 'GET'
    'QUERY_STRING' => ''
    'REQUEST_URI' => '/pens/simpeg-akn-pacitan/backend/web/assets/8367f80a/plugins/jvectormap/jquery-jvectormap-1.2.2.min.js'
    'SCRIPT_NAME' => '/pens/simpeg-akn-pacitan/backend/web/index.php'
    'PHP_SELF' => '/pens/simpeg-akn-pacitan/backend/web/index.php'
    'REQUEST_TIME_FLOAT' => 1577057718.403
    'REQUEST_TIME' => 1577057718
]
2019-12-23 00:35:19 [::1][1][3otcn9m37mala5kmfiuluussh7][error][yii\web\HttpException:404] exception 'yii\base\InvalidRouteException' with message 'Unable to resolve the request "assets/8367f80a/plugins/jvectormap/jquery-jvectormap-world-mill-en.js".' in C:\xampp\htdocs\pens\simpeg-akn-pacitan\vendor\yiisoft\yii2\base\Module.php:537
Stack trace:
#0 C:\xampp\htdocs\pens\simpeg-akn-pacitan\vendor\yiisoft\yii2\web\Application.php(103): yii\base\Module->runAction('assets/8367f80a...', Array)
#1 C:\xampp\htdocs\pens\simpeg-akn-pacitan\vendor\yiisoft\yii2\base\Application.php(386): yii\web\Application->handleRequest(Object(yii\web\Request))
#2 C:\xampp\htdocs\pens\simpeg-akn-pacitan\backend\web\index.php(17): yii\base\Application->run()
#3 {main}

Next exception 'yii\web\NotFoundHttpException' with message 'Page not found.' in C:\xampp\htdocs\pens\simpeg-akn-pacitan\vendor\yiisoft\yii2\web\Application.php:115
Stack trace:
#0 C:\xampp\htdocs\pens\simpeg-akn-pacitan\vendor\yiisoft\yii2\base\Application.php(386): yii\web\Application->handleRequest(Object(yii\web\Request))
#1 C:\xampp\htdocs\pens\simpeg-akn-pacitan\backend\web\index.php(17): yii\base\Application->run()
#2 {main}
2019-12-23 00:35:19 [::1][1][3otcn9m37mala5kmfiuluussh7][info][application] $_GET = []

$_POST = []

$_FILES = []

$_COOKIE = [
    '_csrf-frontend' => '38b127c6f8e26e0b57a6bc4c0edaae0e5321f53f341c93693a990bfe0b01ed24a:2:{i:0;s:14:\"_csrf-frontend\";i:1;s:32:\"QOyTMFEHkQi7UWp7kI2lwBXhQSHtlkdm\";}'
    'advanced-backend' => '3otcn9m37mala5kmfiuluussh7'
    '_csrf-backend' => '35b610c8712c75b233229de414847b927e55c2467e1f239ee15c63ad755573fea:2:{i:0;s:13:\"_csrf-backend\";i:1;s:32:\"kZ-NL2BaQ797zouozJ75MXH73mYaJkRy\";}'
]

$_SESSION = [
    '__flash' => []
    '__returnUrl' => 'http://localhost/pens/simpeg-akn-pacitan/backend/web/'
    '__id' => 1
]

$_SERVER = [
    'REDIRECT_MIBDIRS' => 'C:/xampp/php/extras/mibs'
    'REDIRECT_MYSQL_HOME' => '\\xampp\\mysql\\bin'
    'REDIRECT_OPENSSL_CONF' => 'C:/xampp/apache/bin/openssl.cnf'
    'REDIRECT_PHP_PEAR_SYSCONF_DIR' => '\\xampp\\php'
    'REDIRECT_PHPRC' => '\\xampp\\php'
    'REDIRECT_TMP' => '\\xampp\\tmp'
    'REDIRECT_STATUS' => '200'
    'MIBDIRS' => 'C:/xampp/php/extras/mibs'
    'MYSQL_HOME' => '\\xampp\\mysql\\bin'
    'OPENSSL_CONF' => 'C:/xampp/apache/bin/openssl.cnf'
    'PHP_PEAR_SYSCONF_DIR' => '\\xampp\\php'
    'PHPRC' => '\\xampp\\php'
    'TMP' => '\\xampp\\tmp'
    'HTTP_HOST' => 'localhost'
    'HTTP_CONNECTION' => 'keep-alive'
    'HTTP_USER_AGENT' => 'Mozilla/5.0 (Windows NT 10.0; Win64; x64) AppleWebKit/537.36 (KHTML, like Gecko) Chrome/79.0.3945.88 Safari/537.36'
    'HTTP_ACCEPT' => '*/*'
    'HTTP_SEC_FETCH_SITE' => 'same-origin'
    'HTTP_SEC_FETCH_MODE' => 'no-cors'
    'HTTP_REFERER' => 'http://localhost/pens/simpeg-akn-pacitan/backend/web/'
    'HTTP_ACCEPT_ENCODING' => 'gzip, deflate, br'
    'HTTP_ACCEPT_LANGUAGE' => 'id-ID,id;q=0.9,en-US;q=0.8,en;q=0.7'
    'HTTP_COOKIE' => '_csrf-frontend=38b127c6f8e26e0b57a6bc4c0edaae0e5321f53f341c93693a990bfe0b01ed24a%3A2%3A%7Bi%3A0%3Bs%3A14%3A%22_csrf-frontend%22%3Bi%3A1%3Bs%3A32%3A%22QOyTMFEHkQi7UWp7kI2lwBXhQSHtlkdm%22%3B%7D; advanced-backend=3otcn9m37mala5kmfiuluussh7; _csrf-backend=35b610c8712c75b233229de414847b927e55c2467e1f239ee15c63ad755573fea%3A2%3A%7Bi%3A0%3Bs%3A13%3A%22_csrf-backend%22%3Bi%3A1%3Bs%3A32%3A%22kZ-NL2BaQ797zouozJ75MXH73mYaJkRy%22%3B%7D'
    'PATH' => '\"C:\\ProgramData\\Oracle\\Java\\javapath;%JAVA_HOME%bin\";C:\\oraclexe\\app\\oracle\\product\\11.2.0\\server\\bin;C:\\app\\ASUS\\product\\18.0.0\\dbhomeXE\\bin;C:\\Program Files (x86)\\Common Files\\Intel\\Shared Files\\cpp\\bin\\Intel64;C:\\Windows\\system32;C:\\Windows;C:\\Windows\\System32\\Wbem;C:\\Windows\\System32\\WindowsPowerShell\\v1.0\\;C:\\xampp\\php;C:\\ProgramData\\ComposerSetup\\bin;C:\\Program Files\\Java\\jdk1.8.0_101\\bin;C:\\Program Files\\Git\\cmd;C:\\Users\\ASUS\\AppData\\Local\\Microsoft\\WindowsApps;C:\\Users\\ASUS\\AppData\\Local\\atom\\bin;C:\\Users\\ASUS\\AppData\\Roaming\\Composer\\vendor\\bin'
    'SystemRoot' => 'C:\\Windows'
    'COMSPEC' => 'C:\\Windows\\system32\\cmd.exe'
    'PATHEXT' => '.COM;.EXE;.BAT;.CMD;.VBS;.VBE;.JS;.JSE;.WSF;.WSH;.MSC'
    'WINDIR' => 'C:\\Windows'
    'SERVER_SIGNATURE' => '<address>Apache/2.4.17 (Win32) OpenSSL/1.0.2d PHP/5.6.19 Server at localhost Port 80</address>
'
    'SERVER_SOFTWARE' => 'Apache/2.4.17 (Win32) OpenSSL/1.0.2d PHP/5.6.19'
    'SERVER_NAME' => 'localhost'
    'SERVER_ADDR' => '::1'
    'SERVER_PORT' => '80'
    'REMOTE_ADDR' => '::1'
    'DOCUMENT_ROOT' => 'C:/xampp/htdocs'
    'REQUEST_SCHEME' => 'http'
    'CONTEXT_PREFIX' => ''
    'CONTEXT_DOCUMENT_ROOT' => 'C:/xampp/htdocs'
    'SERVER_ADMIN' => 'postmaster@localhost'
    'SCRIPT_FILENAME' => 'C:/xampp/htdocs/pens/simpeg-akn-pacitan/backend/web/index.php'
    'REMOTE_PORT' => '65126'
    'REDIRECT_URL' => 'http://localhost/pens/simpeg-akn-pacitan/backend/web/assets/8367f80a/plugins/jvectormap/jquery-jvectormap-world-mill-en.js'
    'GATEWAY_INTERFACE' => 'CGI/1.1'
    'SERVER_PROTOCOL' => 'HTTP/1.1'
    'REQUEST_METHOD' => 'GET'
    'QUERY_STRING' => ''
    'REQUEST_URI' => '/pens/simpeg-akn-pacitan/backend/web/assets/8367f80a/plugins/jvectormap/jquery-jvectormap-world-mill-en.js'
    'SCRIPT_NAME' => '/pens/simpeg-akn-pacitan/backend/web/index.php'
    'PHP_SELF' => '/pens/simpeg-akn-pacitan/backend/web/index.php'
    'REQUEST_TIME_FLOAT' => 1577057719.184
    'REQUEST_TIME' => 1577057719
]
2019-12-23 00:35:19 [::1][1][3otcn9m37mala5kmfiuluussh7][error][yii\web\HttpException:404] exception 'yii\base\InvalidRouteException' with message 'Unable to resolve the request "assets/8367f80a/plugins/slimScroll/jquery.slimscroll.min.js".' in C:\xampp\htdocs\pens\simpeg-akn-pacitan\vendor\yiisoft\yii2\base\Module.php:537
Stack trace:
#0 C:\xampp\htdocs\pens\simpeg-akn-pacitan\vendor\yiisoft\yii2\web\Application.php(103): yii\base\Module->runAction('assets/8367f80a...', Array)
#1 C:\xampp\htdocs\pens\simpeg-akn-pacitan\vendor\yiisoft\yii2\base\Application.php(386): yii\web\Application->handleRequest(Object(yii\web\Request))
#2 C:\xampp\htdocs\pens\simpeg-akn-pacitan\backend\web\index.php(17): yii\base\Application->run()
#3 {main}

Next exception 'yii\web\NotFoundHttpException' with message 'Page not found.' in C:\xampp\htdocs\pens\simpeg-akn-pacitan\vendor\yiisoft\yii2\web\Application.php:115
Stack trace:
#0 C:\xampp\htdocs\pens\simpeg-akn-pacitan\vendor\yiisoft\yii2\base\Application.php(386): yii\web\Application->handleRequest(Object(yii\web\Request))
#1 C:\xampp\htdocs\pens\simpeg-akn-pacitan\backend\web\index.php(17): yii\base\Application->run()
#2 {main}
2019-12-23 00:35:19 [::1][1][3otcn9m37mala5kmfiuluussh7][info][application] $_GET = []

$_POST = []

$_FILES = []

$_COOKIE = [
    '_csrf-frontend' => '38b127c6f8e26e0b57a6bc4c0edaae0e5321f53f341c93693a990bfe0b01ed24a:2:{i:0;s:14:\"_csrf-frontend\";i:1;s:32:\"QOyTMFEHkQi7UWp7kI2lwBXhQSHtlkdm\";}'
    'advanced-backend' => '3otcn9m37mala5kmfiuluussh7'
    '_csrf-backend' => '35b610c8712c75b233229de414847b927e55c2467e1f239ee15c63ad755573fea:2:{i:0;s:13:\"_csrf-backend\";i:1;s:32:\"kZ-NL2BaQ797zouozJ75MXH73mYaJkRy\";}'
]

$_SESSION = [
    '__flash' => []
    '__returnUrl' => 'http://localhost/pens/simpeg-akn-pacitan/backend/web/'
    '__id' => 1
]

$_SERVER = [
    'REDIRECT_MIBDIRS' => 'C:/xampp/php/extras/mibs'
    'REDIRECT_MYSQL_HOME' => '\\xampp\\mysql\\bin'
    'REDIRECT_OPENSSL_CONF' => 'C:/xampp/apache/bin/openssl.cnf'
    'REDIRECT_PHP_PEAR_SYSCONF_DIR' => '\\xampp\\php'
    'REDIRECT_PHPRC' => '\\xampp\\php'
    'REDIRECT_TMP' => '\\xampp\\tmp'
    'REDIRECT_STATUS' => '200'
    'MIBDIRS' => 'C:/xampp/php/extras/mibs'
    'MYSQL_HOME' => '\\xampp\\mysql\\bin'
    'OPENSSL_CONF' => 'C:/xampp/apache/bin/openssl.cnf'
    'PHP_PEAR_SYSCONF_DIR' => '\\xampp\\php'
    'PHPRC' => '\\xampp\\php'
    'TMP' => '\\xampp\\tmp'
    'HTTP_HOST' => 'localhost'
    'HTTP_CONNECTION' => 'keep-alive'
    'HTTP_USER_AGENT' => 'Mozilla/5.0 (Windows NT 10.0; Win64; x64) AppleWebKit/537.36 (KHTML, like Gecko) Chrome/79.0.3945.88 Safari/537.36'
    'HTTP_ACCEPT' => '*/*'
    'HTTP_SEC_FETCH_SITE' => 'same-origin'
    'HTTP_SEC_FETCH_MODE' => 'no-cors'
    'HTTP_REFERER' => 'http://localhost/pens/simpeg-akn-pacitan/backend/web/'
    'HTTP_ACCEPT_ENCODING' => 'gzip, deflate, br'
    'HTTP_ACCEPT_LANGUAGE' => 'id-ID,id;q=0.9,en-US;q=0.8,en;q=0.7'
    'HTTP_COOKIE' => '_csrf-frontend=38b127c6f8e26e0b57a6bc4c0edaae0e5321f53f341c93693a990bfe0b01ed24a%3A2%3A%7Bi%3A0%3Bs%3A14%3A%22_csrf-frontend%22%3Bi%3A1%3Bs%3A32%3A%22QOyTMFEHkQi7UWp7kI2lwBXhQSHtlkdm%22%3B%7D; advanced-backend=3otcn9m37mala5kmfiuluussh7; _csrf-backend=35b610c8712c75b233229de414847b927e55c2467e1f239ee15c63ad755573fea%3A2%3A%7Bi%3A0%3Bs%3A13%3A%22_csrf-backend%22%3Bi%3A1%3Bs%3A32%3A%22kZ-NL2BaQ797zouozJ75MXH73mYaJkRy%22%3B%7D'
    'PATH' => '\"C:\\ProgramData\\Oracle\\Java\\javapath;%JAVA_HOME%bin\";C:\\oraclexe\\app\\oracle\\product\\11.2.0\\server\\bin;C:\\app\\ASUS\\product\\18.0.0\\dbhomeXE\\bin;C:\\Program Files (x86)\\Common Files\\Intel\\Shared Files\\cpp\\bin\\Intel64;C:\\Windows\\system32;C:\\Windows;C:\\Windows\\System32\\Wbem;C:\\Windows\\System32\\WindowsPowerShell\\v1.0\\;C:\\xampp\\php;C:\\ProgramData\\ComposerSetup\\bin;C:\\Program Files\\Java\\jdk1.8.0_101\\bin;C:\\Program Files\\Git\\cmd;C:\\Users\\ASUS\\AppData\\Local\\Microsoft\\WindowsApps;C:\\Users\\ASUS\\AppData\\Local\\atom\\bin;C:\\Users\\ASUS\\AppData\\Roaming\\Composer\\vendor\\bin'
    'SystemRoot' => 'C:\\Windows'
    'COMSPEC' => 'C:\\Windows\\system32\\cmd.exe'
    'PATHEXT' => '.COM;.EXE;.BAT;.CMD;.VBS;.VBE;.JS;.JSE;.WSF;.WSH;.MSC'
    'WINDIR' => 'C:\\Windows'
    'SERVER_SIGNATURE' => '<address>Apache/2.4.17 (Win32) OpenSSL/1.0.2d PHP/5.6.19 Server at localhost Port 80</address>
'
    'SERVER_SOFTWARE' => 'Apache/2.4.17 (Win32) OpenSSL/1.0.2d PHP/5.6.19'
    'SERVER_NAME' => 'localhost'
    'SERVER_ADDR' => '::1'
    'SERVER_PORT' => '80'
    'REMOTE_ADDR' => '::1'
    'DOCUMENT_ROOT' => 'C:/xampp/htdocs'
    'REQUEST_SCHEME' => 'http'
    'CONTEXT_PREFIX' => ''
    'CONTEXT_DOCUMENT_ROOT' => 'C:/xampp/htdocs'
    'SERVER_ADMIN' => 'postmaster@localhost'
    'SCRIPT_FILENAME' => 'C:/xampp/htdocs/pens/simpeg-akn-pacitan/backend/web/index.php'
    'REMOTE_PORT' => '65136'
    'REDIRECT_URL' => 'http://localhost/pens/simpeg-akn-pacitan/backend/web/assets/8367f80a/plugins/slimScroll/jquery.slimscroll.min.js'
    'GATEWAY_INTERFACE' => 'CGI/1.1'
    'SERVER_PROTOCOL' => 'HTTP/1.1'
    'REQUEST_METHOD' => 'GET'
    'QUERY_STRING' => ''
    'REQUEST_URI' => '/pens/simpeg-akn-pacitan/backend/web/assets/8367f80a/plugins/slimScroll/jquery.slimscroll.min.js'
    'SCRIPT_NAME' => '/pens/simpeg-akn-pacitan/backend/web/index.php'
    'PHP_SELF' => '/pens/simpeg-akn-pacitan/backend/web/index.php'
    'REQUEST_TIME_FLOAT' => 1577057719.466
    'REQUEST_TIME' => 1577057719
]
